<?xml version="1.0" encoding="UTF-8"?>
<!-- Generated by org.testng.reporters.JUnitReportReporter -->
<testsuite hostname="Shanjidas-MacBook-Air.local" failures="0" tests="2" name="homework_15.Login_Info_Test" time="11.983" errors="0" timestamp="2022-01-05T01:22:43 CST" skipped="1">
  <testcase classname="homework_15.Login_Info_Test" name="logInInfoTest01" time="11.983"/>
  <system-out/>
  <testcase classname="homework_15.Login_Info_Test" name="logInInfoTest">
    <skipped/>
  </testcase> <!-- logInInfoTest -->
  <system-out/>
</testsuite> <!-- homework_15.Login_Info_Test -->
