<?xml version="1.0" encoding="UTF-8"?>
<!-- Generated by org.testng.reporters.JUnitReportReporter -->
<testsuite hostname="Shanjidas-MacBook-Air.local" failures="0" tests="1" name="homework_15.Use_of_navigate_to_back_forward_refresh_methods" time="14.355" errors="0" timestamp="2022-01-05T01:25:23 CST" skipped="0">
  <testcase classname="homework_15.Use_of_navigate_to_back_forward_refresh_methods" name="TestField" time="14.355"/>
  <system-out/>
</testsuite> <!-- homework_15.Use_of_navigate_to_back_forward_refresh_methods -->
